<?xml version="1.0" encoding="UTF-8"?>
<!-- Generated by org.testng.reporters.JUnitXMLReporter -->
<testsuite hostname="LAPTOP-A6M3T32V" name="Leads" tests="2" failures="0" timestamp="22 Nov 2016 19:57:02 GMT" time="0.036" errors="0">
  <testcase name="creatLead" time="0.0" classname="testcases.TC001_Login">
    <skipped/>
  </testcase> <!-- creatLead -->
  <testcase name="login" time="0.0" classname="testcases.TC001_Login">
    <skipped/>
  </testcase> <!-- login -->
</testsuite> <!-- Leads -->
